2017/07/28 15:25:59 INFO  - jmeter.util.JMeterUtils: Setting Locale to en 
2017/07/28 15:25:59 INFO  - jmeter.JMeter: Loading user properties from: /Users/jiagangzhang/workspace/myownsync/apache-jmeter-3.1/bin/user.properties 
2017/07/28 15:25:59 INFO  - jmeter.JMeter: Loading system properties from: /Users/jiagangzhang/workspace/myownsync/apache-jmeter-3.1/bin/system.properties 
2017/07/28 15:25:59 INFO  - jmeter.JMeter: Copyright (c) 1998-2016 The Apache Software Foundation 
2017/07/28 15:25:59 INFO  - jmeter.JMeter: Version 3.1 r1770033 
2017/07/28 15:25:59 INFO  - jmeter.JMeter: java.version=1.8.0_102 
2017/07/28 15:25:59 INFO  - jmeter.JMeter: java.vm.name=Java HotSpot(TM) 64-Bit Server VM 
2017/07/28 15:25:59 INFO  - jmeter.JMeter: os.name=Mac OS X 
2017/07/28 15:25:59 INFO  - jmeter.JMeter: os.arch=x86_64 
2017/07/28 15:25:59 INFO  - jmeter.JMeter: os.version=10.11.6 
2017/07/28 15:25:59 INFO  - jmeter.JMeter: file.encoding=UTF-8 
2017/07/28 15:25:59 INFO  - jmeter.JMeter: Max memory     =1908932608 
2017/07/28 15:25:59 INFO  - jmeter.JMeter: Available Processors =4 
2017/07/28 15:25:59 INFO  - jmeter.JMeter: Default Locale=中文 (中国) 
2017/07/28 15:25:59 INFO  - jmeter.JMeter: JMeter  Locale=英文 
2017/07/28 15:25:59 INFO  - jmeter.JMeter: JMeterHome=/Users/jiagangzhang/workspace/myownsync/apache-jmeter-3.1 
2017/07/28 15:25:59 INFO  - jmeter.JMeter: user.dir  =/Users/jiagangzhang/workspace/myownsync/apache-jmeter-3.1/bin 
2017/07/28 15:25:59 INFO  - jmeter.JMeter: PWD       =/Users/jiagangzhang/workspace/myownsync/apache-jmeter-3.1/bin 
2017/07/28 15:26:00 INFO  - jmeter.JMeter: IP: 10.51.24.213 Name: Mac-WWE-Jiagang.local FullName: 10.51.24.213 
2017/07/28 15:26:01 INFO  - jmeter.gui.action.LookAndFeelCommand: Using look and feel: com.apple.laf.AquaLookAndFeel [Mac OS X, System] 
2017/07/28 15:26:01 INFO  - jmeter.JMeter: Loaded icon properties from org/apache/jmeter/images/icon.properties 
2017/07/28 15:26:06 INFO  - jmeter.engine.util.CompoundVariable: Note: Function class names must contain the string: '.functions.' 
2017/07/28 15:26:06 INFO  - jmeter.engine.util.CompoundVariable: Note: Function class names must not contain the string: '.gui.' 
2017/07/28 15:26:07 INFO  - jmeter.gui.util.MenuFactory: Skipping org.apache.jmeter.assertions.BSFAssertion 
2017/07/28 15:26:08 INFO  - jmeter.gui.util.MenuFactory: Skipping org.apache.jmeter.extractor.BSFPostProcessor 
2017/07/28 15:26:08 INFO  - jmeter.gui.util.MenuFactory: Skipping org.apache.jmeter.modifiers.BSFPreProcessor 
2017/07/28 15:26:08 INFO  - jmeter.protocol.http.sampler.HTTPSamplerBase: Parser for text/html is org.apache.jmeter.protocol.http.parser.LagartoBasedHtmlParser 
2017/07/28 15:26:08 INFO  - jmeter.protocol.http.sampler.HTTPSamplerBase: Parser for application/xhtml+xml is org.apache.jmeter.protocol.http.parser.LagartoBasedHtmlParser 
2017/07/28 15:26:08 INFO  - jmeter.protocol.http.sampler.HTTPSamplerBase: Parser for application/xml is org.apache.jmeter.protocol.http.parser.LagartoBasedHtmlParser 
2017/07/28 15:26:08 INFO  - jmeter.protocol.http.sampler.HTTPSamplerBase: Parser for text/xml is org.apache.jmeter.protocol.http.parser.LagartoBasedHtmlParser 
2017/07/28 15:26:08 INFO  - jmeter.protocol.http.sampler.HTTPSamplerBase: Parser for text/vnd.wap.wml is org.apache.jmeter.protocol.http.parser.RegexpHTMLParser 
2017/07/28 15:26:08 INFO  - jmeter.protocol.http.sampler.HTTPSamplerBase: Parser for text/css is org.apache.jmeter.protocol.http.parser.CssParser 
2017/07/28 15:26:09 INFO  - jorphan.exec.KeyToolUtils: keytool found at 'keytool' 
2017/07/28 15:26:09 INFO  - jmeter.protocol.http.proxy.ProxyControl: HTTP(S) Test Script Recorder SSL Proxy will use keys that support embedded 3rd party resources in file /Users/jiagangzhang/workspace/myownsync/apache-jmeter-3.1/bin/proxyserver.jks 
2017/07/28 15:26:09 INFO  - jmeter.gui.util.MenuFactory: Skipping org.apache.jmeter.protocol.java.sampler.BSFSampler 
2017/07/28 15:26:09 INFO  - jmeter.gui.util.MenuFactory: Skipping org.apache.jmeter.protocol.mongodb.config.MongoSourceElement 
2017/07/28 15:26:09 INFO  - jmeter.gui.util.MenuFactory: Skipping org.apache.jmeter.protocol.mongodb.sampler.MongoScriptSampler 
2017/07/28 15:26:09 INFO  - jmeter.gui.util.MenuFactory: Skipping org.apache.jmeter.timers.BSFTimer 
2017/07/28 15:26:09 INFO  - jmeter.gui.util.MenuFactory: Skipping org.apache.jmeter.visualizers.BSFListener 
2017/07/28 15:26:09 INFO  - jmeter.gui.util.MenuFactory: Skipping org.apache.jmeter.visualizers.MonitorHealthVisualizer 
2017/07/28 15:26:10 INFO  - jmeter.samplers.SampleResult: Note: Sample TimeStamps are START times 
2017/07/28 15:26:10 INFO  - jmeter.samplers.SampleResult: sampleresult.default.encoding is set to ISO-8859-1 
2017/07/28 15:26:10 INFO  - jmeter.samplers.SampleResult: sampleresult.useNanoTime=true 
2017/07/28 15:26:10 INFO  - jmeter.samplers.SampleResult: sampleresult.nanoThreadSleep=5000 
